tcs.cpp
exec.cpp
trns.cpp
do_diffs.cpp
Generating Code...
drop_gdb.cpp
fbclient_ms.lib(d000125.o) : warning LNK4078: multiple ".text" sections found with different attributes (E0000020)
drop_gdb.obj : error LNK2001: unresolved external symbol _isc_detach_database@8
drop_gdb.obj : error LNK2001: unresolved external symbol _isc_drop_database@8
drop_gdb.obj : error LNK2001: unresolved external symbol _isc_version@12
drop_gdb.obj : error LNK2001: unresolved external symbol _isc_print_status@4
drop_gdb.exe : fatal error LNK1120: 4 unresolved externals
diffs.cpp
do_diffs.cpp
Generating Code...
create_file.cpp
compare_file.cpp
copy_file.cpp
delete_file.cpp
sleep_sec.cpp
